▲ Next.js 16.1.2 (Turbopack)

⚠ The "middleware" file convention is deprecated. Please use "proxy" instead. Learn more: https://nextjs.org/docs/messages/middleware-to-proxy
  Creating an optimized production build ...
✓ Compiled successfully in 7.5s
  Running TypeScript ...
  Collecting page data using 11 workers ...
  Generating static pages using 11 workers (0/9) ...
  Generating static pages using 11 workers (2/9) 
  Generating static pages using 11 workers (4/9) 
  Generating static pages using 11 workers (6/9) 
Error occurred prerendering page "/login". Read more: https://nextjs.org/docs/messages/prerender-error
Error: @supabase/ssr: Your project's URL and API key are required to create a Supabase client!

Check your Supabase project's API settings to find these values

https://supabase.com/dashboard/project/_/settings/api
    at <unknown> (https://supabase.com/dashboard/project/_/settings/api)
    at <unknown> (D:\Coursena\.next\server\chunks\ssr\_d759a137._.js:55:3053)
    at cP (D:\Coursena\.next\server\chunks\ssr\_d759a137._.js:59:4544) {
  digest: '3503920920'
}
Export encountered an error on /login/page: /login, exiting the build.
⨯ Next.js build worker exited with code: 1 and signal: null
