▲ Next.js 16.1.2 (Turbopack)

⚠ The "middleware" file convention is deprecated. Please use "proxy" instead. Learn more: https://nextjs.org/docs/messages/middleware-to-proxy
  Creating an optimized production build ...

> Build error occurred
Error: Turbopack build failed with 1 errors:
./src/app/login/page.tsx:7:1
Module not found: Can't resolve '@/components/ui/label'
[0m [90m  5 |[39m [36mimport[39m { [33mCard[39m[33m,[39m [33mCardContent[39m[33m,[39m [33mCardDescription[39m[33m,[39m [33mCardFooter[39m[33m,[39m [33mCardHeader[39m[33m,[39m [33mCardTitle[39m } [36mfrom[39m [32m'@/components/ui/card'[39m
 [90m  6 |[39m [36mimport[39m { [33mInput[39m } [36mfrom[39m [32m'@/components/ui/input'[39m
[31m[1m>[22m[39m[90m  7 |[39m [36mimport[39m { [33mLabel[39m } [36mfrom[39m [32m'@/components/ui/label'[39m
 [90m    |[39m [31m[1m^[22m[39m[31m[1m^[22m[39m[31m[1m^[22m[39m[31m[1m^[22m[39m[31m[1m^[22m[39m[31m[1m^[22m[39m[31m[1m^[22m[39m[31m[1m^[22m[39m[31m[1m^[22m[39m[31m[1m^[22m[39m[31m[1m^[22m[39m[31m[1m^[22m[39m[31m[1m^[22m[39m[31m[1m^[22m[39m[31m[1m^[22m[39m[31m[1m^[22m[39m[31m[1m^[22m[39m[31m[1m^[22m[39m[31m[1m^[22m[39m[31m[1m^[22m[39m[31m[1m^[22m[39m[31m[1m^[22m[39m[31m[1m^[22m[39m[31m[1m^[22m[39m[31m[1m^[22m[39m[31m[1m^[22m[39m[31m[1m^[22m[39m[31m[1m^[22m[39m[31m[1m^[22m[39m[31m[1m^[22m[39m[31m[1m^[22m[39m[31m[1m^[22m[39m[31m[1m^[22m[39m[31m[1m^[22m[39m[31m[1m^[22m[39m[31m[1m^[22m[39m[31m[1m^[22m[39m[31m[1m^[22m[39m[31m[1m^[22m[39m[31m[1m^[22m[39m[31m[1m^[22m[39m[31m[1m^[22m[39m[31m[1m^[22m[39m[31m[1m^[22m[39m[31m[1m^[22m[39m
 [90m  8 |[39m [36mimport[39m { useRouter } [36mfrom[39m [32m'next/navigation'[39m
 [90m  9 |[39m [36mimport[39m { [33mLogIn[39m[33m,[39m [33mUserPlus[39m } [36mfrom[39m [32m'lucide-react'[39m
 [90m 10 |[39m[0m

Import map: aliased to relative './src/components/ui/label' inside of [project]/


Import traces:
  Client Component Browser:
    ./src/app/login/page.tsx [Client Component Browser]
    ./src/app/login/page.tsx [Server Component]

  Client Component SSR:
    ./src/app/login/page.tsx [Client Component SSR]
    ./src/app/login/page.tsx [Server Component]

https://nextjs.org/docs/messages/module-not-found


    at <unknown> (./src/app/login/page.tsx:7:1)
    at <unknown> (https://nextjs.org/docs/messages/module-not-found)
